<?xml version="1.0" encoding="UTF-8"?>
<!-- Generated by org.testng.reporters.JUnitReportReporter -->
<testsuite hostname="DESKTOP-FJJ8DPI" failures="0" tests="1" name="testCases.TC_002_LoginTest" time="4.369" errors="0" timestamp="2023-07-08T02:29:10 IST" skipped="0">
  <testcase classname="testCases.TC_002_LoginTest" name="test_Login" time="4.369"/>
  <system-out/>
</testsuite> <!-- testCases.TC_002_LoginTest -->
