<?xml version="1.0" encoding="UTF-8"?>
<!-- Generated by org.testng.reporters.JUnitReportReporter -->
<testsuite hostname="DESKTOP-FJJ8DPI" failures="0" tests="2" name="testCases.TC_001_AccountRegistrationTest" time="4.431" errors="0" timestamp="2023-07-08T02:29:10 IST" skipped="0">
  <testcase classname="testCases.TC_001_AccountRegistrationTest" name="test_account_Registration" time="3.762"/>
  <system-out/>
  <testcase classname="testCases.TC_001_AccountRegistrationTest" name="test_frame" time="0.669"/>
  <system-out/>
</testsuite> <!-- testCases.TC_001_AccountRegistrationTest -->
